<?xml version="1.0" encoding="UTF-8"?>
<!-- Generated by org.testng.reporters.JUnitXMLReporter -->
<testsuite hostname="itp-wks0233" name="Default test" tests="5" failures="0" timestamp="17 Jul 2019 08:43:05 GMT" time="8.799" errors="0">
  <testcase name="createEmployee" time="2.195" classname="com.test.SampleProject"/>
  <testcase name="deleteEmployee" time="0.712" classname="com.test.SampleProject"/>
  <testcase name="testDeSerialization" time="4.268" classname="com.test.SampleProject"/>
  <testcase name="testSerialization" time="0.871" classname="com.test.SampleProject"/>
  <testcase name="updateEmployee" time="0.725" classname="com.test.SampleProject"/>
</testsuite> <!-- Default test -->
