<?xml version="1.0" encoding="UTF-8"?>
<!-- Generated by org.testng.reporters.JUnitXMLReporter -->
<testsuite hostname="itp-wks0289" ignored="0" name="Test" tests="6" failures="0" timestamp="23 Jul 2019 05:41:02 GMT" time="6.711" errors="0">
  <testcase name="createEmployee" time="1.947" classname="com.test.SampleProject"/>
  <testcase name="deleteEmployee" time="0.744" classname="com.test.SampleProject"/>
  <testcase name="mailsend" time="1.784" classname="com.test.SampleProject"/>
  <testcase name="testDeSerialization" time="0.791" classname="com.test.SampleProject"/>
  <testcase name="testSerialization" time="0.748" classname="com.test.SampleProject"/>
  <testcase name="updateEmployee" time="0.68" classname="com.test.SampleProject"/>
</testsuite> <!-- Test -->
