<?xml version="1.0" encoding="UTF-8"?>
<!-- Generated by org.testng.reporters.JUnitXMLReporter -->
<testsuite hostname="itp-wks0289" ignored="0" name="Command line test" tests="6" failures="0" timestamp="23 Jul 2019 11:21:59 GMT" time="7.128" errors="0">
  <testcase name="createEmployee" time="2.008" classname="com.test.SampleProject"/>
  <testcase name="deleteEmployee" time="0.761" classname="com.test.SampleProject"/>
  <testcase name="mailsend" time="2.003" classname="com.test.SampleProject"/>
  <testcase name="testDeSerialization" time="0.803" classname="com.test.SampleProject"/>
  <testcase name="testSerialization" time="0.73" classname="com.test.SampleProject"/>
  <testcase name="updateEmployee" time="0.804" classname="com.test.SampleProject"/>
</testsuite> <!-- Command line test -->
