<?xml version="1.0" encoding="UTF-8"?>
<testng-results skipped="0" failed="0" total="5" passed="5">
  <reporter-output>
  </reporter-output>
  <suite name="Default suite" duration-ms="8799" started-at="2019-07-17T08:42:56Z" finished-at="2019-07-17T08:43:05Z">
    <groups>
    </groups>
    <test name="Default test" duration-ms="8799" started-at="2019-07-17T08:42:56Z" finished-at="2019-07-17T08:43:05Z">
      <class name="com.test.SampleProject">
        <test-method status="PASS" signature="createEmployee()[pri:0, instance:com.test.SampleProject@cc285f4]" name="createEmployee" duration-ms="2195" started-at="2019-07-17T14:12:56Z" finished-at="2019-07-17T14:12:58Z">
          <reporter-output>
          </reporter-output>
        </test-method> <!-- createEmployee -->
        <test-method status="PASS" signature="deleteEmployee()[pri:0, instance:com.test.SampleProject@cc285f4]" name="deleteEmployee" duration-ms="712" started-at="2019-07-17T14:12:58Z" finished-at="2019-07-17T14:12:59Z">
          <reporter-output>
          </reporter-output>
        </test-method> <!-- deleteEmployee -->
        <test-method status="PASS" signature="testDeSerialization()[pri:0, instance:com.test.SampleProject@cc285f4]" name="testDeSerialization" duration-ms="4268" started-at="2019-07-17T14:12:59Z" finished-at="2019-07-17T14:13:03Z">
          <reporter-output>
          </reporter-output>
        </test-method> <!-- testDeSerialization -->
        <test-method status="PASS" signature="testSerialization()[pri:0, instance:com.test.SampleProject@cc285f4]" name="testSerialization" duration-ms="871" started-at="2019-07-17T14:13:03Z" finished-at="2019-07-17T14:13:04Z">
          <reporter-output>
          </reporter-output>
        </test-method> <!-- testSerialization -->
        <test-method status="PASS" signature="updateEmployee()[pri:0, instance:com.test.SampleProject@cc285f4]" name="updateEmployee" duration-ms="725" started-at="2019-07-17T14:13:04Z" finished-at="2019-07-17T14:13:05Z">
          <reporter-output>
          </reporter-output>
        </test-method> <!-- updateEmployee -->
      </class> <!-- com.test.SampleProject -->
    </test> <!-- Default test -->
  </suite> <!-- Default suite -->
</testng-results>
